d:\githup\text\text2_16\text2_16\debug\vc141.pdb
d:\githup\text\text2_16\text2_16\debug\vc141.idb
d:\githup\text\text2_16\text2_16\debug\text.obj
d:\githup\text\text2_16\debug\text2_16.pdb
d:\githup\text\text2_16\text2_16\debug\text2_16.tlog\cl.command.1.tlog
d:\githup\text\text2_16\text2_16\debug\text2_16.tlog\cl.read.1.tlog
d:\githup\text\text2_16\text2_16\debug\text2_16.tlog\cl.write.1.tlog
d:\githup\text\text2_16\text2_16\debug\text2_16.tlog\link-cvtres.read.1.tlog
d:\githup\text\text2_16\text2_16\debug\text2_16.tlog\link-cvtres.write.1.tlog
d:\githup\text\text2_16\text2_16\debug\text2_16.tlog\link-rc.read.1.tlog
d:\githup\text\text2_16\text2_16\debug\text2_16.tlog\link-rc.write.1.tlog
d:\githup\text\text2_16\text2_16\debug\text2_16.tlog\link.9684-cvtres.read.1.tlog
d:\githup\text\text2_16\text2_16\debug\text2_16.tlog\link.9684-cvtres.write.1.tlog
d:\githup\text\text2_16\text2_16\debug\text2_16.tlog\link.9684-rc.read.1.tlog
d:\githup\text\text2_16\text2_16\debug\text2_16.tlog\link.9684-rc.write.1.tlog
d:\githup\text\text2_16\text2_16\debug\text2_16.tlog\link.9684.read.1.tlog
d:\githup\text\text2_16\text2_16\debug\text2_16.tlog\link.9684.write.1.tlog
d:\githup\text\text2_16\text2_16\debug\text2_16.tlog\link.command.1.tlog
d:\githup\text\text2_16\text2_16\debug\text2_16.tlog\link.read.1.tlog
d:\githup\text\text2_16\text2_16\debug\text2_16.tlog\link.write.1.tlog
